============================= test session starts ==============================
platform darwin -- Python 3.11.15, pytest-9.0.3, pluggy-1.6.0 -- /Users/austin/parallax-skill/.conda-env/bin/python
cachedir: .pytest_cache
rootdir: /Users/austin/parallax-skill
configfile: pyproject.toml
plugins: cov-7.1.0, anyio-4.13.0
collecting ... collected 53 items

tests/test_scene_merger.py::TestCollectFragments::test_loads_and_sorts_by_index PASSED [  1%]
tests/test_scene_merger.py::TestCollectFragments::test_no_files_raises_merge_error PASSED [  3%]
tests/test_scene_merger.py::TestCollectFragments::test_missing_scene_index_key_raises PASSED [  5%]
tests/test_scene_merger.py::TestCollectFragments::test_missing_duration_s_raises PASSED [  7%]
tests/test_scene_merger.py::TestCollectFragments::test_non_mapping_yaml_raises PASSED [  9%]
tests/test_scene_merger.py::TestValidateCoverage::test_exact_match_passes PASSED [ 11%]
tests/test_scene_merger.py::TestValidateCoverage::test_missing_fragment_raises PASSED [ 13%]
tests/test_scene_merger.py::TestValidateCoverage::test_extra_fragment_raises PASSED [ 15%]
tests/test_scene_merger.py::TestValidateTransitionPairing::test_biome_wipe_correct_pairing_passes PASSED [ 16%]
tests/test_scene_merger.py::TestValidateTransitionPairing::test_portal_reveal_correct_pairing_passes PASSED [ 18%]
tests/test_scene_merger.py::TestValidateTransitionPairing::test_biome_wipe_wrong_paired_scene_raises PASSED [ 20%]
tests/test_scene_merger.py::TestValidateTransitionPairing::test_portal_reveal_type_mismatch_raises PASSED [ 22%]
tests/test_scene_merger.py::TestValidateTransitionPairing::test_portal_reveal_receiver_wrong_paired_scene_raises PASSED [ 24%]
tests/test_scene_merger.py::TestValidateTransitionPairing::test_no_paired_transitions_passes PASSED [ 26%]
tests/test_scene_merger.py::TestComputeStartTimes::test_single_scene PASSED [ 28%]
tests/test_scene_merger.py::TestComputeStartTimes::test_two_scenes PASSED [ 30%]
tests/test_scene_merger.py::TestComputeStartTimes::test_four_scenes PASSED [ 32%]
tests/test_scene_merger.py::TestComputeStartTimes::test_fractional_durations PASSED [ 33%]
tests/test_scene_merger.py::TestBuildProjectBlock::test_palette_promoted PASSED [ 35%]
tests/test_scene_merger.py::TestBuildProjectBlock::test_fps_from_storyboard PASSED [ 37%]
tests/test_scene_merger.py::TestBuildProjectBlock::test_title_from_storyboard PASSED [ 39%]
tests/test_scene_merger.py::TestBuildProjectBlock::test_shape_language_propagated PASSED [ 41%]
tests/test_scene_merger.py::TestBuildProjectBlock::test_forbidden_palette_included_when_present PASSED [ 43%]
tests/test_scene_merger.py::TestMergeFunction::test_merge_returns_dict_tuple PASSED [ 45%]
tests/test_scene_merger.py::TestMergeFunction::test_merged_has_version PASSED [ 47%]
tests/test_scene_merger.py::TestMergeFunction::test_merged_has_project_block PASSED [ 49%]
tests/test_scene_merger.py::TestMergeFunction::test_merged_has_scenes_list PASSED [ 50%]
tests/test_scene_merger.py::TestMergeFunction::test_scenes_have_start_t PASSED [ 52%]
tests/test_scene_merger.py::TestMergeFunction::test_no_output_dir_no_files_written PASSED [ 54%]
tests/test_scene_merger.py::TestMergeFunction::test_output_dir_writes_scene_yaml PASSED [ 56%]
tests/test_scene_merger.py::TestMergeFunction::test_output_dir_writes_log_json PASSED [ 58%]
tests/test_scene_merger.py::TestMergeFunction::test_written_scene_yaml_is_valid_yaml PASSED [ 60%]
tests/test_scene_merger.py::TestMergeFunction::test_log_has_merger_version PASSED [ 62%]
tests/test_scene_merger.py::TestMergeFunction::test_log_scene_count_matches PASSED [ 64%]
tests/test_scene_merger.py::TestMergeFunction::test_log_scenes_have_start_t PASSED [ 66%]
tests/test_scene_merger.py::TestMergeFunction::test_transition_validation_in_log PASSED [ 67%]
tests/test_scene_merger.py::TestMergeFunction::test_palette_in_merged_project PASSED [ 69%]
tests/test_scene_merger.py::TestMergeErrors::test_no_fragments_raises PASSED [ 71%]
tests/test_scene_merger.py::TestMergeErrors::test_missing_fragment_raises PASSED [ 73%]
tests/test_scene_merger.py::TestMergeErrors::test_extra_fragment_raises PASSED [ 75%]
tests/test_scene_merger.py::TestMergeErrors::test_biome_wipe_wrong_type_in_fragment_raises PASSED [ 77%]
tests/test_scene_merger.py::TestMergeErrors::test_portal_reveal_wrong_paired_scene_raises PASSED [ 79%]
tests/test_scene_merger.py::TestExampleBMerge::test_merges_cleanly PASSED [ 81%]
tests/test_scene_merger.py::TestExampleBMerge::test_scene_indices_preserved PASSED [ 83%]
tests/test_scene_merger.py::TestExampleBMerge::test_start_times_are_cumulative PASSED [ 84%]
tests/test_scene_merger.py::TestExampleBMerge::test_total_duration_in_log PASSED [ 86%]
tests/test_scene_merger.py::TestExampleBMerge::test_palette_title_in_log PASSED [ 88%]
tests/test_scene_merger.py::TestExampleCMerge::test_merges_cleanly PASSED [ 90%]
tests/test_scene_merger.py::TestExampleCMerge::test_start_times PASSED   [ 92%]
tests/test_scene_merger.py::TestExampleCMerge::test_fragment_content_preserved PASSED [ 94%]
tests/test_scene_merger.py::TestExampleCMerge::test_portal_reveal_with_paired_scenes_in_fragments PASSED [ 96%]
tests/test_scene_merger.py::TestMergeIsPurePython::test_no_anthropic_import_in_merger PASSED [ 98%]
tests/test_scene_merger.py::TestMergeIsPurePython::test_merger_module_docstring_says_no_llm PASSED [100%]

============================== 53 passed in 0.40s ==============================
